<?xml version="1.0" encoding="UTF-8"?>
<!-- Generated by org.testng.reporters.JUnitReportReporter -->
<testsuite hostname="DELL-C0HKRC2" failures="0" tests="1" name="pruebas.Laboratorio9b" time="0.158" errors="0" timestamp="2022-08-29T20:48:04 ART" skipped="0">
  <testcase classname="pruebas.Laboratorio9b" name="leerValoresTabla" time="0.158"/>
  <system-out/>
</testsuite> <!-- pruebas.Laboratorio9b -->
