<?xml version="1.0" encoding="UTF-8"?>
<!-- Generated by org.testng.reporters.JUnitReportReporter -->
<testsuite hostname="DELL-C0HKRC2" failures="0" tests="1" name="Edit.EducacionIT27Jul2022.Laboratorio4" time="24.950" errors="0" timestamp="2022-08-24T21:36:28 ART" skipped="0">
  <testcase classname="Edit.EducacionIT27Jul2022.Laboratorio4" name="registrarUsuario" time="24.950"/>
  <system-out/>
</testsuite> <!-- Edit.EducacionIT27Jul2022.Laboratorio4 -->
