<?xml version="1.0" encoding="UTF-8"?>
<!-- Generated by org.testng.reporters.JUnitReportReporter -->
<testsuite hostname="DELL-C0HKRC2" failures="0" tests="1" name="pruebas.Laboratorio9" time="5.500" errors="0" timestamp="2022-08-29T20:33:54 ART" skipped="0">
  <testcase classname="pruebas.Laboratorio9" name="alertaDemora" time="5.500"/>
  <system-out/>
</testsuite> <!-- pruebas.Laboratorio9 -->
